This is METAFONT, Version 2.718281 (TeX Live 2013) (base=mf 2013.5.30)  14 APR 2014 16:36
**build_pyinstaller/ build/
(/usr/local/texlive/2013/texmf-dist/fonts/source/public/levy/x.mf
>> readfrom
! Isolated expression.
<to be read again> 
                   (
l.26 if unknown gen_sigma : readfrom(
                                     "gen_sigma") fi
? ^^[[Ax
Type <return> to proceed, S to scroll future error messages,
R to run without stopping, Q to run quietly,
I to insert something, E to edit your file,
1 or ... or 9 to ignore the next 1 to 9 tokens of input,
H for help, X to quit.
? 
! Extra tokens will be flushed.
<to be read again> 
                   (
l.26 if unknown gen_sigma : readfrom(
                                     "gen_sigma") fi
? 
! Interruption.
l.26 if unknown gen_sigma : readfrom(
                                     "gen_sigma") fi
? x

